<?xml version="1.0" encoding="UTF-8"?>
<testsuite xmlns:xsi="http://www.w3.org/2001/XMLSchema-instance" xsi:noNamespaceSchemaLocation="https://maven.apache.org/surefire/maven-surefire-plugin/xsd/surefire-test-report-3.0.xsd" version="3.0" name="com.liuxin.PersonalblogApplicationTests" time="0.216" tests="2" errors="1" skipped="0" failures="0">
  <properties>
    <property name="java.specification.version" value="21"/>
    <property name="sun.cpu.isalist" value="amd64"/>
    <property name="sun.jnu.encoding" value="GBK"/>
    <property name="java.class.path" value="G:\代码存档\个人博客\personalblog\target\test-classes;G:\代码存档\个人博客\personalblog\target\classes;D:\Environment\maven\mvn_repo\org\springframework\boot\spring-boot-starter-web\3.3.5\spring-boot-starter-web-3.3.5.jar;D:\Environment\maven\mvn_repo\org\springframework\boot\spring-boot-starter\3.3.5\spring-boot-starter-3.3.5.jar;D:\Environment\maven\mvn_repo\org\springframework\boot\spring-boot-autoconfigure\3.3.5\spring-boot-autoconfigure-3.3.5.jar;D:\Environment\maven\mvn_repo\jakarta\annotation\jakarta.annotation-api\2.1.1\jakarta.annotation-api-2.1.1.jar;D:\Environment\maven\mvn_repo\org\yaml\snakeyaml\2.2\snakeyaml-2.2.jar;D:\Environment\maven\mvn_repo\org\springframework\boot\spring-boot-starter-json\3.3.5\spring-boot-starter-json-3.3.5.jar;D:\Environment\maven\mvn_repo\com\fasterxml\jackson\datatype\jackson-datatype-jdk8\2.17.2\jackson-datatype-jdk8-2.17.2.jar;D:\Environment\maven\mvn_repo\com\fasterxml\jackson\module\jackson-module-parameter-names\2.17.2\jackson-module-parameter-names-2.17.2.jar;D:\Environment\maven\mvn_repo\org\springframework\boot\spring-boot-starter-tomcat\3.3.5\spring-boot-starter-tomcat-3.3.5.jar;D:\Environment\maven\mvn_repo\org\apache\tomcat\embed\tomcat-embed-core\10.1.31\tomcat-embed-core-10.1.31.jar;D:\Environment\maven\mvn_repo\org\apache\tomcat\embed\tomcat-embed-el\10.1.31\tomcat-embed-el-10.1.31.jar;D:\Environment\maven\mvn_repo\org\apache\tomcat\embed\tomcat-embed-websocket\10.1.31\tomcat-embed-websocket-10.1.31.jar;D:\Environment\maven\mvn_repo\org\springframework\spring-web\6.1.14\spring-web-6.1.14.jar;D:\Environment\maven\mvn_repo\org\springframework\spring-beans\6.1.14\spring-beans-6.1.14.jar;D:\Environment\maven\mvn_repo\io\micrometer\micrometer-observation\1.13.6\micrometer-observation-1.13.6.jar;D:\Environment\maven\mvn_repo\io\micrometer\micrometer-commons\1.13.6\micrometer-commons-1.13.6.jar;D:\Environment\maven\mvn_repo\org\springframework\spring-webmvc\6.1.14\spring-webmvc-6.1.14.jar;D:\Environment\maven\mvn_repo\org\springframework\spring-aop\6.1.14\spring-aop-6.1.14.jar;D:\Environment\maven\mvn_repo\org\springframework\spring-context\6.1.14\spring-context-6.1.14.jar;D:\Environment\maven\mvn_repo\org\springframework\spring-expression\6.1.14\spring-expression-6.1.14.jar;D:\Environment\maven\mvn_repo\org\mybatis\spring\boot\mybatis-spring-boot-starter\3.0.3\mybatis-spring-boot-starter-3.0.3.jar;D:\Environment\maven\mvn_repo\org\springframework\boot\spring-boot-starter-jdbc\3.3.5\spring-boot-starter-jdbc-3.3.5.jar;D:\Environment\maven\mvn_repo\com\zaxxer\HikariCP\5.1.0\HikariCP-5.1.0.jar;D:\Environment\maven\mvn_repo\org\springframework\spring-jdbc\6.1.14\spring-jdbc-6.1.14.jar;D:\Environment\maven\mvn_repo\org\mybatis\spring\boot\mybatis-spring-boot-autoconfigure\3.0.3\mybatis-spring-boot-autoconfigure-3.0.3.jar;D:\Environment\maven\mvn_repo\org\mybatis\mybatis\3.5.14\mybatis-3.5.14.jar;D:\Environment\maven\mvn_repo\org\mybatis\mybatis-spring\3.0.3\mybatis-spring-3.0.3.jar;D:\Environment\maven\mvn_repo\com\mysql\mysql-connector-j\8.3.0\mysql-connector-j-8.3.0.jar;D:\Environment\maven\mvn_repo\org\projectlombok\lombok\1.18.34\lombok-1.18.34.jar;D:\Environment\maven\mvn_repo\org\springframework\boot\spring-boot-starter-test\3.3.5\spring-boot-starter-test-3.3.5.jar;D:\Environment\maven\mvn_repo\org\springframework\boot\spring-boot-test\3.3.5\spring-boot-test-3.3.5.jar;D:\Environment\maven\mvn_repo\org\springframework\boot\spring-boot-test-autoconfigure\3.3.5\spring-boot-test-autoconfigure-3.3.5.jar;D:\Environment\maven\mvn_repo\com\jayway\jsonpath\json-path\2.9.0\json-path-2.9.0.jar;D:\Environment\maven\mvn_repo\org\slf4j\slf4j-api\2.0.16\slf4j-api-2.0.16.jar;D:\Environment\maven\mvn_repo\jakarta\xml\bind\jakarta.xml.bind-api\4.0.2\jakarta.xml.bind-api-4.0.2.jar;D:\Environment\maven\mvn_repo\jakarta\activation\jakarta.activation-api\2.1.3\jakarta.activation-api-2.1.3.jar;D:\Environment\maven\mvn_repo\net\minidev\json-smart\2.5.1\json-smart-2.5.1.jar;D:\Environment\maven\mvn_repo\net\minidev\accessors-smart\2.5.1\accessors-smart-2.5.1.jar;D:\Environment\maven\mvn_repo\org\ow2\asm\asm\9.6\asm-9.6.jar;D:\Environment\maven\mvn_repo\org\assertj\assertj-core\3.25.3\assertj-core-3.25.3.jar;D:\Environment\maven\mvn_repo\net\bytebuddy\byte-buddy\1.14.19\byte-buddy-1.14.19.jar;D:\Environment\maven\mvn_repo\org\awaitility\awaitility\4.2.2\awaitility-4.2.2.jar;D:\Environment\maven\mvn_repo\org\hamcrest\hamcrest\2.2\hamcrest-2.2.jar;D:\Environment\maven\mvn_repo\org\junit\jupiter\junit-jupiter\5.10.5\junit-jupiter-5.10.5.jar;D:\Environment\maven\mvn_repo\org\junit\jupiter\junit-jupiter-api\5.10.5\junit-jupiter-api-5.10.5.jar;D:\Environment\maven\mvn_repo\org\opentest4j\opentest4j\1.3.0\opentest4j-1.3.0.jar;D:\Environment\maven\mvn_repo\org\junit\platform\junit-platform-commons\1.10.5\junit-platform-commons-1.10.5.jar;D:\Environment\maven\mvn_repo\org\apiguardian\apiguardian-api\1.1.2\apiguardian-api-1.1.2.jar;D:\Environment\maven\mvn_repo\org\junit\jupiter\junit-jupiter-params\5.10.5\junit-jupiter-params-5.10.5.jar;D:\Environment\maven\mvn_repo\org\junit\jupiter\junit-jupiter-engine\5.10.5\junit-jupiter-engine-5.10.5.jar;D:\Environment\maven\mvn_repo\org\junit\platform\junit-platform-engine\1.10.5\junit-platform-engine-1.10.5.jar;D:\Environment\maven\mvn_repo\org\mockito\mockito-core\5.11.0\mockito-core-5.11.0.jar;D:\Environment\maven\mvn_repo\net\bytebuddy\byte-buddy-agent\1.14.19\byte-buddy-agent-1.14.19.jar;D:\Environment\maven\mvn_repo\org\objenesis\objenesis\3.3\objenesis-3.3.jar;D:\Environment\maven\mvn_repo\org\mockito\mockito-junit-jupiter\5.11.0\mockito-junit-jupiter-5.11.0.jar;D:\Environment\maven\mvn_repo\org\skyscreamer\jsonassert\1.5.3\jsonassert-1.5.3.jar;D:\Environment\maven\mvn_repo\com\vaadin\external\google\android-json\0.0.20131108.vaadin1\android-json-0.0.20131108.vaadin1.jar;D:\Environment\maven\mvn_repo\org\springframework\spring-core\6.1.14\spring-core-6.1.14.jar;D:\Environment\maven\mvn_repo\org\springframework\spring-jcl\6.1.14\spring-jcl-6.1.14.jar;D:\Environment\maven\mvn_repo\org\springframework\spring-test\6.1.14\spring-test-6.1.14.jar;D:\Environment\maven\mvn_repo\org\xmlunit\xmlunit-core\2.9.1\xmlunit-core-2.9.1.jar;D:\Environment\maven\mvn_repo\org\mybatis\spring\boot\mybatis-spring-boot-starter-test\3.0.3\mybatis-spring-boot-starter-test-3.0.3.jar;D:\Environment\maven\mvn_repo\org\mybatis\spring\boot\mybatis-spring-boot-test-autoconfigure\3.0.3\mybatis-spring-boot-test-autoconfigure-3.0.3.jar;D:\Environment\maven\mvn_repo\org\springframework\spring-tx\6.1.14\spring-tx-6.1.14.jar;D:\Environment\maven\mvn_repo\com\aliyun\oss\aliyun-sdk-oss\3.17.4\aliyun-sdk-oss-3.17.4.jar;D:\Environment\maven\mvn_repo\org\apache\httpcomponents\httpclient\4.5.13\httpclient-4.5.13.jar;D:\Environment\maven\mvn_repo\org\apache\httpcomponents\httpcore\4.4.16\httpcore-4.4.16.jar;D:\Environment\maven\mvn_repo\commons-logging\commons-logging\1.2\commons-logging-1.2.jar;D:\Environment\maven\mvn_repo\commons-codec\commons-codec\1.16.1\commons-codec-1.16.1.jar;D:\Environment\maven\mvn_repo\org\jdom\jdom2\2.0.6.1\jdom2-2.0.6.1.jar;D:\Environment\maven\mvn_repo\org\codehaus\jettison\jettison\1.5.4\jettison-1.5.4.jar;D:\Environment\maven\mvn_repo\com\aliyun\aliyun-java-sdk-core\4.5.10\aliyun-java-sdk-core-4.5.10.jar;D:\Environment\maven\mvn_repo\com\google\code\gson\gson\2.10.1\gson-2.10.1.jar;D:\Environment\maven\mvn_repo\org\jacoco\org.jacoco.agent\0.8.5\org.jacoco.agent-0.8.5-runtime.jar;D:\Environment\maven\mvn_repo\org\ini4j\ini4j\0.5.4\ini4j-0.5.4.jar;D:\Environment\maven\mvn_repo\io\opentracing\opentracing-api\0.33.0\opentracing-api-0.33.0.jar;D:\Environment\maven\mvn_repo\io\opentracing\opentracing-util\0.33.0\opentracing-util-0.33.0.jar;D:\Environment\maven\mvn_repo\io\opentracing\opentracing-noop\0.33.0\opentracing-noop-0.33.0.jar;D:\Environment\maven\mvn_repo\com\aliyun\aliyun-java-sdk-ram\3.1.0\aliyun-java-sdk-ram-3.1.0.jar;D:\Environment\maven\mvn_repo\com\aliyun\aliyun-java-sdk-kms\2.11.0\aliyun-java-sdk-kms-2.11.0.jar;D:\Environment\maven\mvn_repo\javax\xml\bind\jaxb-api\2.3.1\jaxb-api-2.3.1.jar;D:\Environment\maven\mvn_repo\javax\activation\javax.activation-api\1.2.0\javax.activation-api-1.2.0.jar;D:\Environment\maven\mvn_repo\javax\activation\activation\1.1.1\activation-1.1.1.jar;D:\Environment\maven\mvn_repo\org\glassfish\jaxb\jaxb-runtime\2.3.3\jaxb-runtime-2.3.3.jar;D:\Environment\maven\mvn_repo\org\glassfish\jaxb\txw2\4.0.5\txw2-4.0.5.jar;D:\Environment\maven\mvn_repo\com\sun\istack\istack-commons-runtime\4.1.2\istack-commons-runtime-4.1.2.jar;D:\Environment\maven\mvn_repo\com\sun\activation\jakarta.activation\1.2.2\jakarta.activation-1.2.2.jar;D:\Environment\maven\mvn_repo\io\springboot\ai\spring-ai-ollama\1.0.3\spring-ai-ollama-1.0.3.jar;D:\Environment\maven\mvn_repo\org\springframework\boot\spring-boot\3.3.5\spring-boot-3.3.5.jar;D:\Environment\maven\mvn_repo\io\springboot\ai\spring-ai-core\1.0.3\spring-ai-core-1.0.3.jar;D:\Environment\maven\mvn_repo\io\swagger\core\v3\swagger-annotations\2.2.20\swagger-annotations-2.2.20.jar;D:\Environment\maven\mvn_repo\com\github\victools\jsonschema-module-swagger-2\4.35.0\jsonschema-module-swagger-2-4.35.0.jar;D:\Environment\maven\mvn_repo\org\springframework\cloud\spring-cloud-function-context\4.1.1\spring-cloud-function-context-4.1.1.jar;D:\Environment\maven\mvn_repo\net\jodah\typetools\0.6.2\typetools-0.6.2.jar;D:\Environment\maven\mvn_repo\org\springframework\cloud\spring-cloud-function-core\4.1.1\spring-cloud-function-core-4.1.1.jar;D:\Environment\maven\mvn_repo\org\antlr\stringtemplate\4.0.2\stringtemplate-4.0.2.jar;D:\Environment\maven\mvn_repo\org\antlr\antlr-runtime\3.3\antlr-runtime-3.3.jar;D:\Environment\maven\mvn_repo\org\antlr\antlr4-runtime\4.13.1\antlr4-runtime-4.13.1.jar;D:\Environment\maven\mvn_repo\io\projectreactor\reactor-core\3.6.11\reactor-core-3.6.11.jar;D:\Environment\maven\mvn_repo\org\reactivestreams\reactive-streams\1.0.4\reactive-streams-1.0.4.jar;D:\Environment\maven\mvn_repo\org\springframework\spring-messaging\6.1.14\spring-messaging-6.1.14.jar;D:\Environment\maven\mvn_repo\com\knuddels\jtokkit\1.0.0\jtokkit-1.0.0.jar;D:\Environment\maven\mvn_repo\com\github\victools\jsonschema-generator\4.35.0\jsonschema-generator-4.35.0.jar;D:\Environment\maven\mvn_repo\com\github\victools\jsonschema-module-jackson\4.35.0\jsonschema-module-jackson-4.35.0.jar;D:\Environment\maven\mvn_repo\org\springframework\spring-webflux\6.1.14\spring-webflux-6.1.14.jar;D:\Environment\maven\mvn_repo\com\fasterxml\jackson\core\jackson-databind\2.17.2\jackson-databind-2.17.2.jar;D:\Environment\maven\mvn_repo\com\fasterxml\jackson\core\jackson-annotations\2.17.2\jackson-annotations-2.17.2.jar;D:\Environment\maven\mvn_repo\com\fasterxml\jackson\core\jackson-core\2.17.2\jackson-core-2.17.2.jar;D:\Environment\maven\mvn_repo\com\fasterxml\jackson\datatype\jackson-datatype-jsr310\2.17.2\jackson-datatype-jsr310-2.17.2.jar;D:\Environment\maven\mvn_repo\org\springframework\boot\spring-boot-starter-logging\3.3.5\spring-boot-starter-logging-3.3.5.jar;D:\Environment\maven\mvn_repo\ch\qos\logback\logback-classic\1.5.11\logback-classic-1.5.11.jar;D:\Environment\maven\mvn_repo\ch\qos\logback\logback-core\1.5.11\logback-core-1.5.11.jar;D:\Environment\maven\mvn_repo\org\apache\logging\log4j\log4j-to-slf4j\2.23.1\log4j-to-slf4j-2.23.1.jar;D:\Environment\maven\mvn_repo\org\apache\logging\log4j\log4j-api\2.23.1\log4j-api-2.23.1.jar;D:\Environment\maven\mvn_repo\org\slf4j\jul-to-slf4j\2.0.16\jul-to-slf4j-2.0.16.jar;D:\Environment\maven\mvn_repo\io\jsonwebtoken\jjwt\0.9.1\jjwt-0.9.1.jar;"/>
    <property name="java.vm.vendor" value="Oracle Corporation"/>
    <property name="sun.arch.data.model" value="64"/>
    <property name="user.variant" value=""/>
    <property name="java.vendor.url" value="https://java.oracle.com/"/>
    <property name="user.timezone" value="Asia/Shanghai"/>
    <property name="os.name" value="Windows 11"/>
    <property name="java.vm.specification.version" value="21"/>
    <property name="sun.java.launcher" value="SUN_STANDARD"/>
    <property name="user.country" value="CN"/>
    <property name="sun.boot.library.path" value="D:\Environment\Java17\bin"/>
    <property name="sun.java.command" value="C:\Users\Liuxin\AppData\Local\Temp\surefire1775078201305573321\surefirebooter-20241126231304923_3.jar C:\Users\Liuxin\AppData\Local\Temp\surefire1775078201305573321 2024-11-26T23-13-04_714-jvmRun1 surefire-20241126231304923_1tmp surefire_0-20241126231304923_2tmp"/>
    <property name="jdk.debug" value="release"/>
    <property name="surefire.test.class.path" value="G:\代码存档\个人博客\personalblog\target\test-classes;G:\代码存档\个人博客\personalblog\target\classes;D:\Environment\maven\mvn_repo\org\springframework\boot\spring-boot-starter-web\3.3.5\spring-boot-starter-web-3.3.5.jar;D:\Environment\maven\mvn_repo\org\springframework\boot\spring-boot-starter\3.3.5\spring-boot-starter-3.3.5.jar;D:\Environment\maven\mvn_repo\org\springframework\boot\spring-boot-autoconfigure\3.3.5\spring-boot-autoconfigure-3.3.5.jar;D:\Environment\maven\mvn_repo\jakarta\annotation\jakarta.annotation-api\2.1.1\jakarta.annotation-api-2.1.1.jar;D:\Environment\maven\mvn_repo\org\yaml\snakeyaml\2.2\snakeyaml-2.2.jar;D:\Environment\maven\mvn_repo\org\springframework\boot\spring-boot-starter-json\3.3.5\spring-boot-starter-json-3.3.5.jar;D:\Environment\maven\mvn_repo\com\fasterxml\jackson\datatype\jackson-datatype-jdk8\2.17.2\jackson-datatype-jdk8-2.17.2.jar;D:\Environment\maven\mvn_repo\com\fasterxml\jackson\module\jackson-module-parameter-names\2.17.2\jackson-module-parameter-names-2.17.2.jar;D:\Environment\maven\mvn_repo\org\springframework\boot\spring-boot-starter-tomcat\3.3.5\spring-boot-starter-tomcat-3.3.5.jar;D:\Environment\maven\mvn_repo\org\apache\tomcat\embed\tomcat-embed-core\10.1.31\tomcat-embed-core-10.1.31.jar;D:\Environment\maven\mvn_repo\org\apache\tomcat\embed\tomcat-embed-el\10.1.31\tomcat-embed-el-10.1.31.jar;D:\Environment\maven\mvn_repo\org\apache\tomcat\embed\tomcat-embed-websocket\10.1.31\tomcat-embed-websocket-10.1.31.jar;D:\Environment\maven\mvn_repo\org\springframework\spring-web\6.1.14\spring-web-6.1.14.jar;D:\Environment\maven\mvn_repo\org\springframework\spring-beans\6.1.14\spring-beans-6.1.14.jar;D:\Environment\maven\mvn_repo\io\micrometer\micrometer-observation\1.13.6\micrometer-observation-1.13.6.jar;D:\Environment\maven\mvn_repo\io\micrometer\micrometer-commons\1.13.6\micrometer-commons-1.13.6.jar;D:\Environment\maven\mvn_repo\org\springframework\spring-webmvc\6.1.14\spring-webmvc-6.1.14.jar;D:\Environment\maven\mvn_repo\org\springframework\spring-aop\6.1.14\spring-aop-6.1.14.jar;D:\Environment\maven\mvn_repo\org\springframework\spring-context\6.1.14\spring-context-6.1.14.jar;D:\Environment\maven\mvn_repo\org\springframework\spring-expression\6.1.14\spring-expression-6.1.14.jar;D:\Environment\maven\mvn_repo\org\mybatis\spring\boot\mybatis-spring-boot-starter\3.0.3\mybatis-spring-boot-starter-3.0.3.jar;D:\Environment\maven\mvn_repo\org\springframework\boot\spring-boot-starter-jdbc\3.3.5\spring-boot-starter-jdbc-3.3.5.jar;D:\Environment\maven\mvn_repo\com\zaxxer\HikariCP\5.1.0\HikariCP-5.1.0.jar;D:\Environment\maven\mvn_repo\org\springframework\spring-jdbc\6.1.14\spring-jdbc-6.1.14.jar;D:\Environment\maven\mvn_repo\org\mybatis\spring\boot\mybatis-spring-boot-autoconfigure\3.0.3\mybatis-spring-boot-autoconfigure-3.0.3.jar;D:\Environment\maven\mvn_repo\org\mybatis\mybatis\3.5.14\mybatis-3.5.14.jar;D:\Environment\maven\mvn_repo\org\mybatis\mybatis-spring\3.0.3\mybatis-spring-3.0.3.jar;D:\Environment\maven\mvn_repo\com\mysql\mysql-connector-j\8.3.0\mysql-connector-j-8.3.0.jar;D:\Environment\maven\mvn_repo\org\projectlombok\lombok\1.18.34\lombok-1.18.34.jar;D:\Environment\maven\mvn_repo\org\springframework\boot\spring-boot-starter-test\3.3.5\spring-boot-starter-test-3.3.5.jar;D:\Environment\maven\mvn_repo\org\springframework\boot\spring-boot-test\3.3.5\spring-boot-test-3.3.5.jar;D:\Environment\maven\mvn_repo\org\springframework\boot\spring-boot-test-autoconfigure\3.3.5\spring-boot-test-autoconfigure-3.3.5.jar;D:\Environment\maven\mvn_repo\com\jayway\jsonpath\json-path\2.9.0\json-path-2.9.0.jar;D:\Environment\maven\mvn_repo\org\slf4j\slf4j-api\2.0.16\slf4j-api-2.0.16.jar;D:\Environment\maven\mvn_repo\jakarta\xml\bind\jakarta.xml.bind-api\4.0.2\jakarta.xml.bind-api-4.0.2.jar;D:\Environment\maven\mvn_repo\jakarta\activation\jakarta.activation-api\2.1.3\jakarta.activation-api-2.1.3.jar;D:\Environment\maven\mvn_repo\net\minidev\json-smart\2.5.1\json-smart-2.5.1.jar;D:\Environment\maven\mvn_repo\net\minidev\accessors-smart\2.5.1\accessors-smart-2.5.1.jar;D:\Environment\maven\mvn_repo\org\ow2\asm\asm\9.6\asm-9.6.jar;D:\Environment\maven\mvn_repo\org\assertj\assertj-core\3.25.3\assertj-core-3.25.3.jar;D:\Environment\maven\mvn_repo\net\bytebuddy\byte-buddy\1.14.19\byte-buddy-1.14.19.jar;D:\Environment\maven\mvn_repo\org\awaitility\awaitility\4.2.2\awaitility-4.2.2.jar;D:\Environment\maven\mvn_repo\org\hamcrest\hamcrest\2.2\hamcrest-2.2.jar;D:\Environment\maven\mvn_repo\org\junit\jupiter\junit-jupiter\5.10.5\junit-jupiter-5.10.5.jar;D:\Environment\maven\mvn_repo\org\junit\jupiter\junit-jupiter-api\5.10.5\junit-jupiter-api-5.10.5.jar;D:\Environment\maven\mvn_repo\org\opentest4j\opentest4j\1.3.0\opentest4j-1.3.0.jar;D:\Environment\maven\mvn_repo\org\junit\platform\junit-platform-commons\1.10.5\junit-platform-commons-1.10.5.jar;D:\Environment\maven\mvn_repo\org\apiguardian\apiguardian-api\1.1.2\apiguardian-api-1.1.2.jar;D:\Environment\maven\mvn_repo\org\junit\jupiter\junit-jupiter-params\5.10.5\junit-jupiter-params-5.10.5.jar;D:\Environment\maven\mvn_repo\org\junit\jupiter\junit-jupiter-engine\5.10.5\junit-jupiter-engine-5.10.5.jar;D:\Environment\maven\mvn_repo\org\junit\platform\junit-platform-engine\1.10.5\junit-platform-engine-1.10.5.jar;D:\Environment\maven\mvn_repo\org\mockito\mockito-core\5.11.0\mockito-core-5.11.0.jar;D:\Environment\maven\mvn_repo\net\bytebuddy\byte-buddy-agent\1.14.19\byte-buddy-agent-1.14.19.jar;D:\Environment\maven\mvn_repo\org\objenesis\objenesis\3.3\objenesis-3.3.jar;D:\Environment\maven\mvn_repo\org\mockito\mockito-junit-jupiter\5.11.0\mockito-junit-jupiter-5.11.0.jar;D:\Environment\maven\mvn_repo\org\skyscreamer\jsonassert\1.5.3\jsonassert-1.5.3.jar;D:\Environment\maven\mvn_repo\com\vaadin\external\google\android-json\0.0.20131108.vaadin1\android-json-0.0.20131108.vaadin1.jar;D:\Environment\maven\mvn_repo\org\springframework\spring-core\6.1.14\spring-core-6.1.14.jar;D:\Environment\maven\mvn_repo\org\springframework\spring-jcl\6.1.14\spring-jcl-6.1.14.jar;D:\Environment\maven\mvn_repo\org\springframework\spring-test\6.1.14\spring-test-6.1.14.jar;D:\Environment\maven\mvn_repo\org\xmlunit\xmlunit-core\2.9.1\xmlunit-core-2.9.1.jar;D:\Environment\maven\mvn_repo\org\mybatis\spring\boot\mybatis-spring-boot-starter-test\3.0.3\mybatis-spring-boot-starter-test-3.0.3.jar;D:\Environment\maven\mvn_repo\org\mybatis\spring\boot\mybatis-spring-boot-test-autoconfigure\3.0.3\mybatis-spring-boot-test-autoconfigure-3.0.3.jar;D:\Environment\maven\mvn_repo\org\springframework\spring-tx\6.1.14\spring-tx-6.1.14.jar;D:\Environment\maven\mvn_repo\com\aliyun\oss\aliyun-sdk-oss\3.17.4\aliyun-sdk-oss-3.17.4.jar;D:\Environment\maven\mvn_repo\org\apache\httpcomponents\httpclient\4.5.13\httpclient-4.5.13.jar;D:\Environment\maven\mvn_repo\org\apache\httpcomponents\httpcore\4.4.16\httpcore-4.4.16.jar;D:\Environment\maven\mvn_repo\commons-logging\commons-logging\1.2\commons-logging-1.2.jar;D:\Environment\maven\mvn_repo\commons-codec\commons-codec\1.16.1\commons-codec-1.16.1.jar;D:\Environment\maven\mvn_repo\org\jdom\jdom2\2.0.6.1\jdom2-2.0.6.1.jar;D:\Environment\maven\mvn_repo\org\codehaus\jettison\jettison\1.5.4\jettison-1.5.4.jar;D:\Environment\maven\mvn_repo\com\aliyun\aliyun-java-sdk-core\4.5.10\aliyun-java-sdk-core-4.5.10.jar;D:\Environment\maven\mvn_repo\com\google\code\gson\gson\2.10.1\gson-2.10.1.jar;D:\Environment\maven\mvn_repo\org\jacoco\org.jacoco.agent\0.8.5\org.jacoco.agent-0.8.5-runtime.jar;D:\Environment\maven\mvn_repo\org\ini4j\ini4j\0.5.4\ini4j-0.5.4.jar;D:\Environment\maven\mvn_repo\io\opentracing\opentracing-api\0.33.0\opentracing-api-0.33.0.jar;D:\Environment\maven\mvn_repo\io\opentracing\opentracing-util\0.33.0\opentracing-util-0.33.0.jar;D:\Environment\maven\mvn_repo\io\opentracing\opentracing-noop\0.33.0\opentracing-noop-0.33.0.jar;D:\Environment\maven\mvn_repo\com\aliyun\aliyun-java-sdk-ram\3.1.0\aliyun-java-sdk-ram-3.1.0.jar;D:\Environment\maven\mvn_repo\com\aliyun\aliyun-java-sdk-kms\2.11.0\aliyun-java-sdk-kms-2.11.0.jar;D:\Environment\maven\mvn_repo\javax\xml\bind\jaxb-api\2.3.1\jaxb-api-2.3.1.jar;D:\Environment\maven\mvn_repo\javax\activation\javax.activation-api\1.2.0\javax.activation-api-1.2.0.jar;D:\Environment\maven\mvn_repo\javax\activation\activation\1.1.1\activation-1.1.1.jar;D:\Environment\maven\mvn_repo\org\glassfish\jaxb\jaxb-runtime\2.3.3\jaxb-runtime-2.3.3.jar;D:\Environment\maven\mvn_repo\org\glassfish\jaxb\txw2\4.0.5\txw2-4.0.5.jar;D:\Environment\maven\mvn_repo\com\sun\istack\istack-commons-runtime\4.1.2\istack-commons-runtime-4.1.2.jar;D:\Environment\maven\mvn_repo\com\sun\activation\jakarta.activation\1.2.2\jakarta.activation-1.2.2.jar;D:\Environment\maven\mvn_repo\io\springboot\ai\spring-ai-ollama\1.0.3\spring-ai-ollama-1.0.3.jar;D:\Environment\maven\mvn_repo\org\springframework\boot\spring-boot\3.3.5\spring-boot-3.3.5.jar;D:\Environment\maven\mvn_repo\io\springboot\ai\spring-ai-core\1.0.3\spring-ai-core-1.0.3.jar;D:\Environment\maven\mvn_repo\io\swagger\core\v3\swagger-annotations\2.2.20\swagger-annotations-2.2.20.jar;D:\Environment\maven\mvn_repo\com\github\victools\jsonschema-module-swagger-2\4.35.0\jsonschema-module-swagger-2-4.35.0.jar;D:\Environment\maven\mvn_repo\org\springframework\cloud\spring-cloud-function-context\4.1.1\spring-cloud-function-context-4.1.1.jar;D:\Environment\maven\mvn_repo\net\jodah\typetools\0.6.2\typetools-0.6.2.jar;D:\Environment\maven\mvn_repo\org\springframework\cloud\spring-cloud-function-core\4.1.1\spring-cloud-function-core-4.1.1.jar;D:\Environment\maven\mvn_repo\org\antlr\stringtemplate\4.0.2\stringtemplate-4.0.2.jar;D:\Environment\maven\mvn_repo\org\antlr\antlr-runtime\3.3\antlr-runtime-3.3.jar;D:\Environment\maven\mvn_repo\org\antlr\antlr4-runtime\4.13.1\antlr4-runtime-4.13.1.jar;D:\Environment\maven\mvn_repo\io\projectreactor\reactor-core\3.6.11\reactor-core-3.6.11.jar;D:\Environment\maven\mvn_repo\org\reactivestreams\reactive-streams\1.0.4\reactive-streams-1.0.4.jar;D:\Environment\maven\mvn_repo\org\springframework\spring-messaging\6.1.14\spring-messaging-6.1.14.jar;D:\Environment\maven\mvn_repo\com\knuddels\jtokkit\1.0.0\jtokkit-1.0.0.jar;D:\Environment\maven\mvn_repo\com\github\victools\jsonschema-generator\4.35.0\jsonschema-generator-4.35.0.jar;D:\Environment\maven\mvn_repo\com\github\victools\jsonschema-module-jackson\4.35.0\jsonschema-module-jackson-4.35.0.jar;D:\Environment\maven\mvn_repo\org\springframework\spring-webflux\6.1.14\spring-webflux-6.1.14.jar;D:\Environment\maven\mvn_repo\com\fasterxml\jackson\core\jackson-databind\2.17.2\jackson-databind-2.17.2.jar;D:\Environment\maven\mvn_repo\com\fasterxml\jackson\core\jackson-annotations\2.17.2\jackson-annotations-2.17.2.jar;D:\Environment\maven\mvn_repo\com\fasterxml\jackson\core\jackson-core\2.17.2\jackson-core-2.17.2.jar;D:\Environment\maven\mvn_repo\com\fasterxml\jackson\datatype\jackson-datatype-jsr310\2.17.2\jackson-datatype-jsr310-2.17.2.jar;D:\Environment\maven\mvn_repo\org\springframework\boot\spring-boot-starter-logging\3.3.5\spring-boot-starter-logging-3.3.5.jar;D:\Environment\maven\mvn_repo\ch\qos\logback\logback-classic\1.5.11\logback-classic-1.5.11.jar;D:\Environment\maven\mvn_repo\ch\qos\logback\logback-core\1.5.11\logback-core-1.5.11.jar;D:\Environment\maven\mvn_repo\org\apache\logging\log4j\log4j-to-slf4j\2.23.1\log4j-to-slf4j-2.23.1.jar;D:\Environment\maven\mvn_repo\org\apache\logging\log4j\log4j-api\2.23.1\log4j-api-2.23.1.jar;D:\Environment\maven\mvn_repo\org\slf4j\jul-to-slf4j\2.0.16\jul-to-slf4j-2.0.16.jar;D:\Environment\maven\mvn_repo\io\jsonwebtoken\jjwt\0.9.1\jjwt-0.9.1.jar;"/>
    <property name="sun.cpu.endian" value="little"/>
    <property name="user.home" value="C:\Users\Liuxin"/>
    <property name="user.language" value="zh"/>
    <property name="java.specification.vendor" value="Oracle Corporation"/>
    <property name="java.version.date" value="2024-07-16"/>
    <property name="java.home" value="D:\Environment\Java17"/>
    <property name="file.separator" value="\"/>
    <property name="basedir" value="G:\代码存档\个人博客\personalblog"/>
    <property name="java.vm.compressedOopsMode" value="Zero based"/>
    <property name="line.separator" value="&#10;"/>
    <property name="java.vm.specification.vendor" value="Oracle Corporation"/>
    <property name="java.specification.name" value="Java Platform API Specification"/>
    <property name="surefire.real.class.path" value="C:\Users\Liuxin\AppData\Local\Temp\surefire1775078201305573321\surefirebooter-20241126231304923_3.jar"/>
    <property name="user.script" value=""/>
    <property name="sun.management.compiler" value="HotSpot 64-Bit Tiered Compilers"/>
    <property name="java.runtime.version" value="21.0.4+8-LTS-274"/>
    <property name="user.name" value="Liuxin"/>
    <property name="stdout.encoding" value="GBK"/>
    <property name="path.separator" value=";"/>
    <property name="os.version" value="10.0"/>
    <property name="java.runtime.name" value="Java(TM) SE Runtime Environment"/>
    <property name="file.encoding" value="UTF-8"/>
    <property name="java.vm.name" value="Java HotSpot(TM) 64-Bit Server VM"/>
    <property name="localRepository" value="D:\Environment\maven\mvn_repo"/>
    <property name="java.vendor.url.bug" value="https://bugreport.java.com/bugreport/"/>
    <property name="java.io.tmpdir" value="C:\Users\Liuxin\AppData\Local\Temp\"/>
    <property name="java.version" value="21.0.4"/>
    <property name="user.dir" value="G:\代码存档\个人博客\personalblog"/>
    <property name="os.arch" value="amd64"/>
    <property name="java.vm.specification.name" value="Java Virtual Machine Specification"/>
    <property name="sun.os.patch.level" value=""/>
    <property name="native.encoding" value="GBK"/>
    <property name="java.library.path" value="D:\Environment\Java17\bin;C:\WINDOWS\Sun\Java\bin;C:\WINDOWS\system32;C:\WINDOWS;D:\Environment\VMware\bin\;C:\Windows\system32;C:\Windows;C:\Windows\System32\Wbem;C:\Windows\System32\WindowsPowerShell\v1.0\;C:\Windows\System32\OpenSSH\;C:\Program Files (x86)\NVIDIA Corporation\PhysX\Common;C:\WINDOWS\system32;C:\WINDOWS;C:\WINDOWS\System32\Wbem;C:\WINDOWS\System32\WindowsPowerShell\v1.0\;C:\WINDOWS\System32\OpenSSH\;C:\Program Files\NVIDIA Corporation\NVIDIA app\NvDLISR;D:\SystemSoftware\Bandizip\;D:\Environment\maven\bin;D:\Environment\Git\bin;D:\Environment\nodejs;D:\Environment\Java17\bin;D:\Environment\NVDE\bin;D:\Environment\NVDE\libnvvp;D:\Environment\MySQL\MySQL Server 8.0\bin;D:\Environment\nodejs\node_global\node_modules;C:\Program Files\dotnet\;D:\Environment\MySQL\MySQL Server 8.0\bin;C:\Users\Liuxin\AppData\Local\Microsoft\WindowsApps;;C:\Users\Liuxin\AppData\Local\Programs\Ollama;."/>
    <property name="java.vm.info" value="mixed mode, sharing"/>
    <property name="stderr.encoding" value="GBK"/>
    <property name="java.vendor" value="Oracle Corporation"/>
    <property name="java.vm.version" value="21.0.4+8-LTS-274"/>
    <property name="sun.io.unicode.encoding" value="UnicodeLittle"/>
    <property name="java.class.version" value="65.0"/>
  </properties>
  <testcase name="testGenJWT" classname="com.liuxin.PersonalblogApplicationTests" time="0.182">
    <system-out><![CDATA[eyJhbGciOiJIUzI1NiJ9.eyJuYW1lIjoibGl1eGluIiwiaWQiOjEsImV4cCI6MTczMjYzNzU4NX0.fzU_3wDfaDD0V-gRJkMyXlifjXCuBVUYlea-hdXUUiA
]]></system-out>
  </testcase>
  <testcase name="testParseJWT" classname="com.liuxin.PersonalblogApplicationTests" time="0.018">
    <error message="JWT expired at 2024-11-26T15:04:25Z. Current time: 2024-11-26T23:13:05Z, a difference of 29320960 milliseconds.  Allowed clock skew: 0 milliseconds." type="io.jsonwebtoken.ExpiredJwtException"><![CDATA[io.jsonwebtoken.ExpiredJwtException: JWT expired at 2024-11-26T15:04:25Z. Current time: 2024-11-26T23:13:05Z, a difference of 29320960 milliseconds.  Allowed clock skew: 0 milliseconds.
	at io.jsonwebtoken.impl.DefaultJwtParser.parse(DefaultJwtParser.java:385)
	at io.jsonwebtoken.impl.DefaultJwtParser.parse(DefaultJwtParser.java:481)
	at io.jsonwebtoken.impl.DefaultJwtParser.parseClaimsJws(DefaultJwtParser.java:541)
	at com.liuxin.PersonalblogApplicationTests.testParseJWT(PersonalblogApplicationTests.java:33)
	at java.base/java.lang.reflect.Method.invoke(Method.java:580)
	at java.base/java.util.ArrayList.forEach(ArrayList.java:1596)
	at java.base/java.util.ArrayList.forEach(ArrayList.java:1596)
]]></error>
  </testcase>
</testsuite>